<?xml version="1.0" encoding="UTF-8"?>
<!-- Generated by org.testng.reporters.JUnitReportReporter -->
<testsuite hostname="LAPTOP-BL1B3UU3" failures="0" tests="1" name="com.canaratechlabs.testcases.CustomerRegistration" time="1.448" errors="0" timestamp="2024-10-29T21:36:26 IST" skipped="0">
  <testcase classname="com.canaratechlabs.testcases.CustomerRegistration" name="UserRegistration" time="1.448"/>
</testsuite> <!-- com.canaratechlabs.testcases.CustomerRegistration -->
