<?xml version="1.0" encoding="UTF-8"?>
<!-- Generated by org.testng.reporters.JUnitReportReporter -->
<testsuite hostname="LAPTOP-BL1B3UU3" failures="0" tests="4" name="com.canaratechlabs.testcases.LoginTestScreener" time="18.319" errors="0" timestamp="2024-10-31T18:23:58 IST" skipped="2">
  <testcase classname="com.canaratechlabs.testcases.LoginTestScreener" name="doLogin" time="9.299"/>
  <testcase classname="com.canaratechlabs.testcases.LoginTestScreener" name="doLogin" time="0.003">
    <skipped/>
  </testcase> <!-- doLogin -->
  <testcase classname="com.canaratechlabs.testcases.LoginTestScreener" name="doLogin" time="0.000">
    <skipped/>
  </testcase> <!-- doLogin -->
  <testcase classname="com.canaratechlabs.testcases.LoginTestScreener" name="doLogin" time="9.017"/>
</testsuite> <!-- com.canaratechlabs.testcases.LoginTestScreener -->
