<?xml version="1.0" encoding="UTF-8"?>
<!-- Generated by org.testng.reporters.JUnitReportReporter -->
<testsuite hostname="LAPTOP-BL1B3UU3" failures="0" tests="4" name="com.canaratechlabs.testcases.LoginTestScreener" time="17.976" errors="0" timestamp="2024-10-31T21:40:33 IST" skipped="2">
  <testcase classname="com.canaratechlabs.testcases.LoginTestScreener" name="doLogin" time="0.205">
    <skipped/>
  </testcase> <!-- doLogin -->
  <testcase classname="com.canaratechlabs.testcases.LoginTestScreener" name="doLogin" time="8.769"/>
  <testcase classname="com.canaratechlabs.testcases.LoginTestScreener" name="doLogin" time="8.982"/>
  <testcase classname="com.canaratechlabs.testcases.LoginTestScreener" name="doLogin" time="0.020">
    <skipped/>
  </testcase> <!-- doLogin -->
</testsuite> <!-- com.canaratechlabs.testcases.LoginTestScreener -->
