<?xml version="1.0" encoding="UTF-8"?>
<!-- Generated by org.testng.reporters.JUnitReportReporter -->
<testsuite hostname="LAPTOP-BL1B3UU3" failures="0" tests="1" name="com.canaratechlabs.testcases.OpenAccountTest" time="4.966" errors="0" timestamp="2024-10-31T21:40:33 IST" skipped="0">
  <testcase classname="com.canaratechlabs.testcases.OpenAccountTest" name="openAccountTest" time="4.966"/>
</testsuite> <!-- com.canaratechlabs.testcases.OpenAccountTest -->
